Release 14.7 Map P.20160913 (lin64)
Xilinx Mapping Report File for Design 'EXE'

Design Information
------------------
Command Line   : map -intstyle ise -p xa6slx100-fgg484-2 -w -logic_opt off -ol
high -t 1 -xt 0 -register_duplication off -r 4 -global_opt off -mt off -ir off
-pr off -lc off -power off -o EXE_map.ncd EXE.ngd EXE.pcf 
Target Device  : xa6slx100
Target Package : fgg484
Target Speed   : -2
Mapper Version : aspartan6 -- $Revision: 1.55 $
Mapped Date    : Mon Mar 11 08:10:40 2019

Design Summary
--------------
Number of errors:      0
Number of warnings:    0
Slice Logic Utilization:
  Number of Slice Registers:                     0 out of 126,576    0%
  Number of Slice LUTs:                         34 out of  63,288    1%
    Number used as logic:                       34 out of  63,288    1%
      Number using O6 output only:              34
      Number using O5 output only:               0
      Number using O5 and O6:                    0
      Number used as ROM:                        0
    Number used as Memory:                       0 out of  15,616    0%

Slice Logic Distribution:
  Number of occupied Slices:                    23 out of  15,822    1%
  Number of MUXCYs used:                         0 out of  31,644    0%
  Number of LUT Flip Flop pairs used:           34
    Number with an unused Flip Flop:            34 out of      34  100%
    Number with an unused LUT:                   0 out of      34    0%
    Number of fully used LUT-FF pairs:           0 out of      34    0%
    Number of slice register sites lost
      to control set restrictions:               0 out of 126,576    0%

  A LUT Flip Flop pair for this architecture represents one LUT paired with
  one Flip Flop within a slice.  A control set is a unique combination of
  clock, reset, set, and enable signals for a registered element.
  The Slice Logic Distribution report is not meaningful if the design is
  over-mapped for a non-slice resource or if Placement fails.

IO Utilization:
  Number of bonded IOBs:                       120 out of     326   36%

Specific Feature Utilization:
  Number of RAMB16BWERs:                         0 out of     268    0%
  Number of RAMB8BWERs:                          0 out of     536    0%
  Number of BUFIO2/BUFIO2_2CLKs:                 0 out of      32    0%
  Number of BUFIO2FB/BUFIO2FB_2CLKs:             0 out of      32    0%
  Number of BUFG/BUFGMUXs:                       0 out of      16    0%
  Number of DCM/DCM_CLKGENs:                     0 out of      12    0%
  Number of ILOGIC2/ISERDES2s:                   0 out of     506    0%
  Number of IODELAY2/IODRP2/IODRP2_MCBs:         0 out of     506    0%
  Number of OLOGIC2/OSERDES2s:                   0 out of     506    0%
  Number of BSCANs:                              0 out of       4    0%
  Number of BUFHs:                               0 out of     384    0%
  Number of BUFPLLs:                             0 out of       8    0%
  Number of BUFPLL_MCBs:                         0 out of       4    0%
  Number of DSP48A1s:                            0 out of     180    0%
  Number of ICAPs:                               0 out of       1    0%
  Number of MCBs:                                0 out of       4    0%
  Number of PCILOGICSEs:                         0 out of       2    0%
  Number of PLL_ADVs:                            0 out of       6    0%
  Number of PMVs:                                0 out of       1    0%
  Number of STARTUPs:                            0 out of       1    0%
  Number of SUSPEND_SYNCs:                       0 out of       1    0%

Average Fanout of Non-Clock Nets:                1.53

Peak Memory Usage:  943 MB
Total REAL time to MAP completion:  55 secs 
Total CPU time to MAP completion:   50 secs 

Table of Contents
-----------------
Section 1 - Errors
Section 2 - Warnings
Section 3 - Informational
Section 4 - Removed Logic Summary
Section 5 - Removed Logic
Section 6 - IOB Properties
Section 7 - RPMs
Section 8 - Guide Report
Section 9 - Area Group and Partition Summary
Section 10 - Timing Report
Section 11 - Configuration String Information
Section 12 - Control Set Information
Section 13 - Utilization by Hierarchy

Section 1 - Errors
------------------

Section 2 - Warnings
--------------------
WARNING:Security:42 - Your software subscription period has lapsed. Your current
version of Xilinx tools will continue to function, but you no longer qualify for
Xilinx software updates or new releases.

Section 3 - Informational
-------------------------
INFO:Security:54 - 'xa6slx100' is a WebPack part.
INFO:LIT:244 - All of the single ended outputs in this design are using slew
   rate limited output drivers. The delay on speed critical single ended outputs
   can be dramatically reduced by designating them as fast outputs.
INFO:Pack:1716 - Initializing temperature to 100.000 Celsius. (default - Range:
   -40.000 to 100.000 Celsius)
INFO:Pack:1720 - Initializing voltage to 1.140 Volts. (default - Range: 1.140 to
   1.260 Volts)
INFO:Map:215 - The Interim Design Summary has been generated in the MAP Report
   (.mrp).
INFO:Pack:1650 - Map created a placed design.

Section 4 - Removed Logic Summary
---------------------------------

Section 5 - Removed Logic
-------------------------

Section 6 - IOB Properties
--------------------------

+---------------------------------------------------------------------------------------------------------------------------------------------------------+
| IOB Name                           | Type             | Direction | IO Standard          | Diff  | Drive    | Slew | Reg (s)      | Resistor | IOB      |
|                                    |                  |           |                      | Term  | Strength | Rate |              |          | Delay    |
+---------------------------------------------------------------------------------------------------------------------------------------------------------+
| aluop_i<0>                         | IOB              | INPUT     | LVCMOS25             |       |          |      |              |          |          |
| aluop_i<1>                         | IOB              | INPUT     | LVCMOS25             |       |          |      |              |          |          |
| aluop_i<2>                         | IOB              | INPUT     | LVCMOS25             |       |          |      |              |          |          |
| aluop_i<3>                         | IOB              | INPUT     | LVCMOS25             |       |          |      |              |          |          |
| aluop_i<4>                         | IOB              | INPUT     | LVCMOS25             |       |          |      |              |          |          |
| aluop_i<5>                         | IOB              | INPUT     | LVCMOS25             |       |          |      |              |          |          |
| aluop_i<6>                         | IOB              | INPUT     | LVCMOS25             |       |          |      |              |          |          |
| aluop_i<7>                         | IOB              | INPUT     | LVCMOS25             |       |          |      |              |          |          |
| alusel_i<0>                        | IOB              | INPUT     | LVCMOS25             |       |          |      |              |          |          |
| alusel_i<1>                        | IOB              | INPUT     | LVCMOS25             |       |          |      |              |          |          |
| alusel_i<2>                        | IOB              | INPUT     | LVCMOS25             |       |          |      |              |          |          |
| reg1_i<0>                          | IOB              | INPUT     | LVCMOS25             |       |          |      |              |          |          |
| reg1_i<1>                          | IOB              | INPUT     | LVCMOS25             |       |          |      |              |          |          |
| reg1_i<2>                          | IOB              | INPUT     | LVCMOS25             |       |          |      |              |          |          |
| reg1_i<3>                          | IOB              | INPUT     | LVCMOS25             |       |          |      |              |          |          |
| reg1_i<4>                          | IOB              | INPUT     | LVCMOS25             |       |          |      |              |          |          |
| reg1_i<5>                          | IOB              | INPUT     | LVCMOS25             |       |          |      |              |          |          |
| reg1_i<6>                          | IOB              | INPUT     | LVCMOS25             |       |          |      |              |          |          |
| reg1_i<7>                          | IOB              | INPUT     | LVCMOS25             |       |          |      |              |          |          |
| reg1_i<8>                          | IOB              | INPUT     | LVCMOS25             |       |          |      |              |          |          |
| reg1_i<9>                          | IOB              | INPUT     | LVCMOS25             |       |          |      |              |          |          |
| reg1_i<10>                         | IOB              | INPUT     | LVCMOS25             |       |          |      |              |          |          |
| reg1_i<11>                         | IOB              | INPUT     | LVCMOS25             |       |          |      |              |          |          |
| reg1_i<12>                         | IOB              | INPUT     | LVCMOS25             |       |          |      |              |          |          |
| reg1_i<13>                         | IOB              | INPUT     | LVCMOS25             |       |          |      |              |          |          |
| reg1_i<14>                         | IOB              | INPUT     | LVCMOS25             |       |          |      |              |          |          |
| reg1_i<15>                         | IOB              | INPUT     | LVCMOS25             |       |          |      |              |          |          |
| reg1_i<16>                         | IOB              | INPUT     | LVCMOS25             |       |          |      |              |          |          |
| reg1_i<17>                         | IOB              | INPUT     | LVCMOS25             |       |          |      |              |          |          |
| reg1_i<18>                         | IOB              | INPUT     | LVCMOS25             |       |          |      |              |          |          |
| reg1_i<19>                         | IOB              | INPUT     | LVCMOS25             |       |          |      |              |          |          |
| reg1_i<20>                         | IOB              | INPUT     | LVCMOS25             |       |          |      |              |          |          |
| reg1_i<21>                         | IOB              | INPUT     | LVCMOS25             |       |          |      |              |          |          |
| reg1_i<22>                         | IOB              | INPUT     | LVCMOS25             |       |          |      |              |          |          |
| reg1_i<23>                         | IOB              | INPUT     | LVCMOS25             |       |          |      |              |          |          |
| reg1_i<24>                         | IOB              | INPUT     | LVCMOS25             |       |          |      |              |          |          |
| reg1_i<25>                         | IOB              | INPUT     | LVCMOS25             |       |          |      |              |          |          |
| reg1_i<26>                         | IOB              | INPUT     | LVCMOS25             |       |          |      |              |          |          |
| reg1_i<27>                         | IOB              | INPUT     | LVCMOS25             |       |          |      |              |          |          |
| reg1_i<28>                         | IOB              | INPUT     | LVCMOS25             |       |          |      |              |          |          |
| reg1_i<29>                         | IOB              | INPUT     | LVCMOS25             |       |          |      |              |          |          |
| reg1_i<30>                         | IOB              | INPUT     | LVCMOS25             |       |          |      |              |          |          |
| reg1_i<31>                         | IOB              | INPUT     | LVCMOS25             |       |          |      |              |          |          |
| reg2_i<0>                          | IOB              | INPUT     | LVCMOS25             |       |          |      |              |          |          |
| reg2_i<1>                          | IOB              | INPUT     | LVCMOS25             |       |          |      |              |          |          |
| reg2_i<2>                          | IOB              | INPUT     | LVCMOS25             |       |          |      |              |          |          |
| reg2_i<3>                          | IOB              | INPUT     | LVCMOS25             |       |          |      |              |          |          |
| reg2_i<4>                          | IOB              | INPUT     | LVCMOS25             |       |          |      |              |          |          |
| reg2_i<5>                          | IOB              | INPUT     | LVCMOS25             |       |          |      |              |          |          |
| reg2_i<6>                          | IOB              | INPUT     | LVCMOS25             |       |          |      |              |          |          |
| reg2_i<7>                          | IOB              | INPUT     | LVCMOS25             |       |          |      |              |          |          |
| reg2_i<8>                          | IOB              | INPUT     | LVCMOS25             |       |          |      |              |          |          |
| reg2_i<9>                          | IOB              | INPUT     | LVCMOS25             |       |          |      |              |          |          |
| reg2_i<10>                         | IOB              | INPUT     | LVCMOS25             |       |          |      |              |          |          |
| reg2_i<11>                         | IOB              | INPUT     | LVCMOS25             |       |          |      |              |          |          |
| reg2_i<12>                         | IOB              | INPUT     | LVCMOS25             |       |          |      |              |          |          |
| reg2_i<13>                         | IOB              | INPUT     | LVCMOS25             |       |          |      |              |          |          |
| reg2_i<14>                         | IOB              | INPUT     | LVCMOS25             |       |          |      |              |          |          |
| reg2_i<15>                         | IOB              | INPUT     | LVCMOS25             |       |          |      |              |          |          |
| reg2_i<16>                         | IOB              | INPUT     | LVCMOS25             |       |          |      |              |          |          |
| reg2_i<17>                         | IOB              | INPUT     | LVCMOS25             |       |          |      |              |          |          |
| reg2_i<18>                         | IOB              | INPUT     | LVCMOS25             |       |          |      |              |          |          |
| reg2_i<19>                         | IOB              | INPUT     | LVCMOS25             |       |          |      |              |          |          |
| reg2_i<20>                         | IOB              | INPUT     | LVCMOS25             |       |          |      |              |          |          |
| reg2_i<21>                         | IOB              | INPUT     | LVCMOS25             |       |          |      |              |          |          |
| reg2_i<22>                         | IOB              | INPUT     | LVCMOS25             |       |          |      |              |          |          |
| reg2_i<23>                         | IOB              | INPUT     | LVCMOS25             |       |          |      |              |          |          |
| reg2_i<24>                         | IOB              | INPUT     | LVCMOS25             |       |          |      |              |          |          |
| reg2_i<25>                         | IOB              | INPUT     | LVCMOS25             |       |          |      |              |          |          |
| reg2_i<26>                         | IOB              | INPUT     | LVCMOS25             |       |          |      |              |          |          |
| reg2_i<27>                         | IOB              | INPUT     | LVCMOS25             |       |          |      |              |          |          |
| reg2_i<28>                         | IOB              | INPUT     | LVCMOS25             |       |          |      |              |          |          |
| reg2_i<29>                         | IOB              | INPUT     | LVCMOS25             |       |          |      |              |          |          |
| reg2_i<30>                         | IOB              | INPUT     | LVCMOS25             |       |          |      |              |          |          |
| reg2_i<31>                         | IOB              | INPUT     | LVCMOS25             |       |          |      |              |          |          |
| resetn                             | IOB              | INPUT     | LVCMOS25             |       |          |      |              |          |          |
| wd_i<0>                            | IOB              | INPUT     | LVCMOS25             |       |          |      |              |          |          |
| wd_i<1>                            | IOB              | INPUT     | LVCMOS25             |       |          |      |              |          |          |
| wd_i<2>                            | IOB              | INPUT     | LVCMOS25             |       |          |      |              |          |          |
| wd_i<3>                            | IOB              | INPUT     | LVCMOS25             |       |          |      |              |          |          |
| wd_i<4>                            | IOB              | INPUT     | LVCMOS25             |       |          |      |              |          |          |
| wd_o<0>                            | IOB              | OUTPUT    | LVCMOS25             |       | 12       | SLOW |              |          |          |
| wd_o<1>                            | IOB              | OUTPUT    | LVCMOS25             |       | 12       | SLOW |              |          |          |
| wd_o<2>                            | IOB              | OUTPUT    | LVCMOS25             |       | 12       | SLOW |              |          |          |
| wd_o<3>                            | IOB              | OUTPUT    | LVCMOS25             |       | 12       | SLOW |              |          |          |
| wd_o<4>                            | IOB              | OUTPUT    | LVCMOS25             |       | 12       | SLOW |              |          |          |
| wdata_o<0>                         | IOB              | OUTPUT    | LVCMOS25             |       | 12       | SLOW |              |          |          |
| wdata_o<1>                         | IOB              | OUTPUT    | LVCMOS25             |       | 12       | SLOW |              |          |          |
| wdata_o<2>                         | IOB              | OUTPUT    | LVCMOS25             |       | 12       | SLOW |              |          |          |
| wdata_o<3>                         | IOB              | OUTPUT    | LVCMOS25             |       | 12       | SLOW |              |          |          |
| wdata_o<4>                         | IOB              | OUTPUT    | LVCMOS25             |       | 12       | SLOW |              |          |          |
| wdata_o<5>                         | IOB              | OUTPUT    | LVCMOS25             |       | 12       | SLOW |              |          |          |
| wdata_o<6>                         | IOB              | OUTPUT    | LVCMOS25             |       | 12       | SLOW |              |          |          |
| wdata_o<7>                         | IOB              | OUTPUT    | LVCMOS25             |       | 12       | SLOW |              |          |          |
| wdata_o<8>                         | IOB              | OUTPUT    | LVCMOS25             |       | 12       | SLOW |              |          |          |
| wdata_o<9>                         | IOB              | OUTPUT    | LVCMOS25             |       | 12       | SLOW |              |          |          |
| wdata_o<10>                        | IOB              | OUTPUT    | LVCMOS25             |       | 12       | SLOW |              |          |          |
| wdata_o<11>                        | IOB              | OUTPUT    | LVCMOS25             |       | 12       | SLOW |              |          |          |
| wdata_o<12>                        | IOB              | OUTPUT    | LVCMOS25             |       | 12       | SLOW |              |          |          |
| wdata_o<13>                        | IOB              | OUTPUT    | LVCMOS25             |       | 12       | SLOW |              |          |          |
| wdata_o<14>                        | IOB              | OUTPUT    | LVCMOS25             |       | 12       | SLOW |              |          |          |
| wdata_o<15>                        | IOB              | OUTPUT    | LVCMOS25             |       | 12       | SLOW |              |          |          |
| wdata_o<16>                        | IOB              | OUTPUT    | LVCMOS25             |       | 12       | SLOW |              |          |          |
| wdata_o<17>                        | IOB              | OUTPUT    | LVCMOS25             |       | 12       | SLOW |              |          |          |
| wdata_o<18>                        | IOB              | OUTPUT    | LVCMOS25             |       | 12       | SLOW |              |          |          |
| wdata_o<19>                        | IOB              | OUTPUT    | LVCMOS25             |       | 12       | SLOW |              |          |          |
| wdata_o<20>                        | IOB              | OUTPUT    | LVCMOS25             |       | 12       | SLOW |              |          |          |
| wdata_o<21>                        | IOB              | OUTPUT    | LVCMOS25             |       | 12       | SLOW |              |          |          |
| wdata_o<22>                        | IOB              | OUTPUT    | LVCMOS25             |       | 12       | SLOW |              |          |          |
| wdata_o<23>                        | IOB              | OUTPUT    | LVCMOS25             |       | 12       | SLOW |              |          |          |
| wdata_o<24>                        | IOB              | OUTPUT    | LVCMOS25             |       | 12       | SLOW |              |          |          |
| wdata_o<25>                        | IOB              | OUTPUT    | LVCMOS25             |       | 12       | SLOW |              |          |          |
| wdata_o<26>                        | IOB              | OUTPUT    | LVCMOS25             |       | 12       | SLOW |              |          |          |
| wdata_o<27>                        | IOB              | OUTPUT    | LVCMOS25             |       | 12       | SLOW |              |          |          |
| wdata_o<28>                        | IOB              | OUTPUT    | LVCMOS25             |       | 12       | SLOW |              |          |          |
| wdata_o<29>                        | IOB              | OUTPUT    | LVCMOS25             |       | 12       | SLOW |              |          |          |
| wdata_o<30>                        | IOB              | OUTPUT    | LVCMOS25             |       | 12       | SLOW |              |          |          |
| wdata_o<31>                        | IOB              | OUTPUT    | LVCMOS25             |       | 12       | SLOW |              |          |          |
| wreg_i                             | IOB              | INPUT     | LVCMOS25             |       |          |      |              |          |          |
| wreg_o                             | IOB              | OUTPUT    | LVCMOS25             |       | 12       | SLOW |              |          |          |
+---------------------------------------------------------------------------------------------------------------------------------------------------------+

Section 7 - RPMs
----------------

Section 8 - Guide Report
------------------------
Guide not run on this design.

Section 9 - Area Group and Partition Summary
--------------------------------------------

Partition Implementation Status
-------------------------------

  No Partitions were found in this design.

-------------------------------

Area Group Information
----------------------

  No area groups were found in this design.

----------------------

Section 10 - Timing Report
--------------------------
A logic-level (pre-route) timing report can be generated by using Xilinx static
timing analysis tools, Timing Analyzer (GUI) or TRCE (command line), with the
mapped NCD and PCF files. Please note that this timing report will be generated
using estimated delay information. For accurate numbers, please generate a
timing report with the post Place and Route NCD file.

For more information about the Timing Analyzer, consult the Xilinx Timing
Analyzer Reference Manual; for more information about TRCE, consult the Xilinx
Command Line Tools User Guide "TRACE" chapter.

Section 11 - Configuration String Details
-----------------------------------------
Use the "-detail" map option to print out Configuration Strings

Section 12 - Control Set Information
------------------------------------
Use the "-detail" map option to print out Control Set Information.

Section 13 - Utilization by Hierarchy
-------------------------------------
Use the "-detail" map option to print out the Utilization by Hierarchy section.
