ISim log file
Running: /home/ise/openMIPS/cpu_test_isim_beh.exe -intstyle ise -gui -tclbatch isim.cmd -wdb /home/ise/openMIPS/cpu_test_isim_beh.wdb 
ISim P.20160913 (signature 0xfbc00daa)
----------------------------------------------------------------------
WARNING:Security:42 - Your software subscription period has lapsed. Your current version of Xilinx tools will continue to function, but you no longer qualify for Xilinx software updates or new releases.


----------------------------------------------------------------------
This is a Full version of ISim.
Time resolution is 1 ps
# onerror resume
# wave add /
# run 1000 ns
Simulator is doing circuit initialization process.
Finished circuit initialization process.
# restart
# run 50ns
Simulator is doing circuit initialization process.
Finished circuit initialization process.
# run 50ns
# run 50ns
# run 50ns
# run 50ns
# run 50ns
# run 50ns
# run 50ns
# run 50ns
# run 50ns
# run 50ns
# run 50ns
# run 50ns
# run 50ns
# run 50ns
# run 50ns
# run 50ns
# run all
Stopped at time : 102582950 ns : File "/home/ise/openMIPS/PC.v" Line 32
# exit 0
